<?xml version="1.0" encoding="UTF-8"?>
<!-- Generated by org.testng.reporters.JUnitReportReporter -->
<testsuite hostname="DESKTOP-A1DNB7M" name="com.BaseTest.ProductPageTest" tests="2" failures="0" timestamp="29 Jan 2018 00:55:45 GMT" time="6.427" errors="0">
  <testcase name="cartpagevalidation" time="2.153" classname="com.BaseTest.ProductPageTest"/>
  <testcase name="customisedItemSelection" time="4.274" classname="com.BaseTest.ProductPageTest"/>
</testsuite> <!-- com.BaseTest.ProductPageTest -->
