<?xml version="1.0" encoding="UTF-8"?>
<!-- Generated by org.testng.reporters.JUnitReportReporter -->
<testsuite hostname="DESKTOP-A1DNB7M" name="com.Test.CeramicHomePageTest" tests="2" failures="0" timestamp="29 Jan 2018 21:06:30 GMT" time="3.626" errors="0">
  <testcase name="validatingCeramicpage" time="0.016" classname="com.Test.CeramicHomePageTest"/>
  <testcase name="selectProduct" time="3.610" classname="com.Test.CeramicHomePageTest"/>
</testsuite> <!-- com.Test.CeramicHomePageTest -->
