<?xml version="1.0" encoding="UTF-8"?>
<!-- Generated by org.testng.reporters.JUnitReportReporter -->
<testsuite hostname="DESKTOP-A1DNB7M" name="com.BaseTest.Testcase" tests="2" failures="0" timestamp="29 Jan 2018 00:55:45 GMT" time="10.556" errors="0">
  <testcase name="validatingCeramicpage" time="0.046" classname="com.BaseTest.Testcase"/>
  <testcase name="selectProduct" time="10.510" classname="com.BaseTest.Testcase"/>
</testsuite> <!-- com.BaseTest.Testcase -->
