<?xml version="1.0" encoding="UTF-8"?>
<!-- Generated by org.testng.reporters.JUnitReportReporter -->
<testsuite hostname="DESKTOP-A1DNB7M" name="com.Test.CartPageTest" tests="2" failures="0" timestamp="29 Jan 2018 21:06:30 GMT" time="3.385" errors="0">
  <testcase name="cartvalidation" time="2.338" classname="com.Test.CartPageTest"/>
  <testcase name="checkOutMessageValidation" time="1.047" classname="com.Test.CartPageTest"/>
</testsuite> <!-- com.Test.CartPageTest -->
